#
# There is insufficient memory for the Java Runtime Environment to continue.
# Native memory allocation (mmap) failed to map 125829120 bytes for G1 virtual space
# Possible reasons:
#   The system is out of physical RAM or swap space
#   The process is running with CompressedOops enabled, and the Java Heap may be blocking the growth of the native heap
# Possible solutions:
#   Reduce memory load on the system
#   Increase physical memory or swap space
#   Check if swap backing store is full
#   Decrease Java heap size (-Xmx/-Xms)
#   Decrease number of Java threads
#   Decrease Java thread stack sizes (-Xss)
#   Set larger code cache with -XX:ReservedCodeCacheSize=
#   JVM is running with Unscaled Compressed Oops mode in which the Java heap is
#     placed in the first 4GB address space. The Java Heap base address is the
#     maximum limit for the native heap growth. Please use -XX:HeapBaseMinAddress
#     to set the Java Heap base and to place the Java Heap above 4GB virtual address.
# This output file may be truncated or incomplete.
#
#  Out of Memory Error (./open/src/hotspot/os/windows/os_windows.cpp:3472), pid=4380, tid=13032
#
# JRE version:  (15.0.1+9) (build )
# Java VM: OpenJDK 64-Bit Server VM (15.0.1+9-18, mixed mode, sharing, tiered, compressed oops, g1 gc, windows-amd64)
# No core dump will be written. Minidumps are not enabled by default on client versions of Windows
#

---------------  S U M M A R Y ------------

Command Line: -Dfile.encoding=Cp1252 -XX:+ShowCodeDetailsInExceptionMessages uc.ac.aston.game.desktop.DesktopLauncher

Host: AMD Ryzen 5 4500U with Radeon Graphics         , 6 cores, 7G,  Windows 10 , 64 bit Build 19041 (10.0.19041.804)
Time: Sun Mar 14 23:43:38 2021 GMT Standard Time elapsed time: 0.020374 seconds (0d 0h 0m 0s)

---------------  T H R E A D  ---------------

Current thread (0x000001d5093576b0):  JavaThread "Unknown thread" [_thread_in_vm, id=13032, stack(0x00000025e5900000,0x00000025e5a00000)]

Stack: [0x00000025e5900000,0x00000025e5a00000]
Native frames: (J=compiled Java code, j=interpreted, Vv=VM code, C=native code)
V  [jvm.dll+0x62ae9a]
V  [jvm.dll+0x781389]
V  [jvm.dll+0x782ae3]
V  [jvm.dll+0x783143]
V  [jvm.dll+0x216265]
V  [jvm.dll+0x6281d9]
V  [jvm.dll+0x61cd15]
V  [jvm.dll+0x2d01fd]
V  [jvm.dll+0x2d0062]
V  [jvm.dll+0x2d603c]
V  [jvm.dll+0x325b2a]
V  [jvm.dll+0x3251f4]
V  [jvm.dll+0x2a717a]
V  [jvm.dll+0x2a8318]
V  [jvm.dll+0x75e101]
V  [jvm.dll+0x3343e4]
V  [jvm.dll+0x73e826]
V  [jvm.dll+0x3b7777]
V  [jvm.dll+0x3b9201]
C  [jli.dll+0x52fb]
C  [ucrtbase.dll+0x21bb2]
C  [KERNEL32.DLL+0x17034]
C  [ntdll.dll+0x52651]


---------------  P R O C E S S  ---------------

Threads class SMR info:
_java_thread_list=0x00007fff56d24ff0, length=0, elements={
}

Java Threads: ( => current thread )

Other Threads:
  0x000001d509395840 GCTaskThread "GC Thread#0" [stack: 0x00000025e5a00000,0x00000025e5b00000] [id=17728]
  0x000001d5093a6630 ConcurrentGCThread "G1 Main Marker" [stack: 0x00000025e5b00000,0x00000025e5c00000] [id=10008]
  0x000001d5093a78d0 ConcurrentGCThread "G1 Conc#0" [stack: 0x00000025e5c00000,0x00000025e5d00000] [id=20968]

[error occurred during error reporting (printing all threads), id 0xc0000005, EXCEPTION_ACCESS_VIOLATION (0xc0000005) at pc=0x00007fff56518047]

VM state: not at safepoint (not fully initialized)

VM Mutex/Monitor currently owned by a thread:  ([mutex/lock_event])
[0x000001d509353a10] Heap_lock - owner thread: 0x000001d5093576b0

Heap address: 0x0000000089c00000, size: 1892 MB, Compressed Oops mode: 32-bit
CDS archive(s) mapped at: [0x0000000000000000-0x0000000000000000-0x0000000000000000), size 0, SharedBaseAddress: 0x0000000800000000, ArchiveRelocationMode: 0.
Narrow klass base: 0x0000000000000000, Narrow klass shift: 0, Narrow klass range: 0x0

Heap:
 garbage-first heap   total 122880K, used 0K [0x0000000089c00000, 0x0000000100000000)
  region size 1024K, 0 young (0K), 0 survivors (0K)
 Metaspace       used 0K, capacity 0K, committed 0K, reserved 0K
  class space    used 0K, capacity 0K, committed 0K, reserved 0K

Heap Regions: E=young(eden), S=young(survivor), O=old, HS=humongous(starts), HC=humongous(continues), CS=collection set, F=free, OA=open archive, CA=closed archive, TAMS=top-at-mark-start (previous, next)

Card table byte_map: [0x000001d51c240000,0x000001d51c600000] _byte_map_base: 0x000001d51bdf2000

Marking Bits (Prev, Next): (CMBitMap*) 0x000001d509395fc0, (CMBitMap*) 0x000001d509396000
 Prev Bits: [0x000001d51c9c0000, 0x000001d51e750000)
 Next Bits: [0x000001d51e750000, 0x000001d5204e0000)

GC Heap History (0 events):
No events

Deoptimization events (0 events):
No events

Classes unloaded (0 events):
No events

Classes redefined (0 events):
No events

Internal exceptions (0 events):
No events

Events (1 events):
Event: 0.012 Loaded shared library C:\Users\Sarpo\.p2\pool\plugins\org.eclipse.justj.openjdk.hotspot.jre.full.win32.x86_64_15.0.1.v20201027-0507\jre\bin\java.dll


Dynamic libraries:
0x00007ff660450000 - 0x00007ff66045d000 	C:\Users\Sarpo\.p2\pool\plugins\org.eclipse.justj.openjdk.hotspot.jre.full.win32.x86_64_15.0.1.v20201027-0507\jre\bin\javaw.exe
0x00007fffa8e90000 - 0x00007fffa9085000 	C:\windows\SYSTEM32\ntdll.dll
0x00007fffa8610000 - 0x00007fffa86cd000 	C:\windows\System32\KERNEL32.DLL
0x00007fffa6c20000 - 0x00007fffa6ee9000 	C:\windows\System32\KERNELBASE.dll
0x00007fffa65d0000 - 0x00007fffa66d0000 	C:\windows\System32\ucrtbase.dll
0x00007fff80da0000 - 0x00007fff80db9000 	C:\Users\Sarpo\.p2\pool\plugins\org.eclipse.justj.openjdk.hotspot.jre.full.win32.x86_64_15.0.1.v20201027-0507\jre\bin\VCRUNTIME140.dll
0x00007fff80d80000 - 0x00007fff80d98000 	C:\Users\Sarpo\.p2\pool\plugins\org.eclipse.justj.openjdk.hotspot.jre.full.win32.x86_64_15.0.1.v20201027-0507\jre\bin\jli.dll
0x00007fffa79c0000 - 0x00007fffa7b60000 	C:\windows\System32\USER32.dll
0x00007fffa69c0000 - 0x00007fffa69e2000 	C:\windows\System32\win32u.dll
0x00007fffa5ad0000 - 0x00007fffa5d6a000 	C:\windows\WinSxS\amd64_microsoft.windows.common-controls_6595b64144ccf1df_6.0.19041.844_none_ca00b6081b84eb1d\COMCTL32.dll
0x00007fffa7060000 - 0x00007fffa708a000 	C:\windows\System32\GDI32.dll
0x00007fffa8a60000 - 0x00007fffa8afe000 	C:\windows\System32\msvcrt.dll
0x00007fffa6a90000 - 0x00007fffa6b9b000 	C:\windows\System32\gdi32full.dll
0x00007fffa69f0000 - 0x00007fffa6a8d000 	C:\windows\System32\msvcp_win.dll
0x00007fffa7990000 - 0x00007fffa79c0000 	C:\windows\System32\IMM32.DLL
0x00007fff9f570000 - 0x00007fff9f57c000 	C:\Users\Sarpo\.p2\pool\plugins\org.eclipse.justj.openjdk.hotspot.jre.full.win32.x86_64_15.0.1.v20201027-0507\jre\bin\vcruntime140_1.dll
0x00007fff5f230000 - 0x00007fff5f2c1000 	C:\Users\Sarpo\.p2\pool\plugins\org.eclipse.justj.openjdk.hotspot.jre.full.win32.x86_64_15.0.1.v20201027-0507\jre\bin\msvcp140.dll
0x00007fff56260000 - 0x00007fff56dbe000 	C:\Users\Sarpo\.p2\pool\plugins\org.eclipse.justj.openjdk.hotspot.jre.full.win32.x86_64_15.0.1.v20201027-0507\jre\bin\server\jvm.dll
0x00007fffa7840000 - 0x00007fffa78ec000 	C:\windows\System32\ADVAPI32.dll
0x00007fffa6fc0000 - 0x00007fffa705c000 	C:\windows\System32\sechost.dll
0x00007fffa86d0000 - 0x00007fffa87fb000 	C:\windows\System32\RPCRT4.dll
0x00007fffa7980000 - 0x00007fffa7988000 	C:\windows\System32\PSAPI.DLL
0x00007fffa3500000 - 0x00007fffa350a000 	C:\windows\SYSTEM32\VERSION.dll
0x00007fff96800000 - 0x00007fff96827000 	C:\windows\SYSTEM32\WINMM.dll
0x00007fff9f580000 - 0x00007fff9f589000 	C:\windows\SYSTEM32\WSOCK32.dll
0x00007fffa8de0000 - 0x00007fffa8e4b000 	C:\windows\System32\WS2_32.dll
0x00007fffa40b0000 - 0x00007fffa40c2000 	C:\windows\SYSTEM32\kernel.appcore.dll
0x00007fff9f550000 - 0x00007fff9f55a000 	C:\Users\Sarpo\.p2\pool\plugins\org.eclipse.justj.openjdk.hotspot.jre.full.win32.x86_64_15.0.1.v20201027-0507\jre\bin\jimage.dll
0x00007fffa5f60000 - 0x00007fffa6144000 	C:\windows\SYSTEM32\DBGHELP.DLL
0x00007fffa5f30000 - 0x00007fffa5f5c000 	C:\windows\SYSTEM32\dbgcore.DLL
0x00007fffa6ba0000 - 0x00007fffa6c20000 	C:\windows\System32\bcryptPrimitives.dll
0x00007fff90ec0000 - 0x00007fff90ee5000 	C:\Users\Sarpo\.p2\pool\plugins\org.eclipse.justj.openjdk.hotspot.jre.full.win32.x86_64_15.0.1.v20201027-0507\jre\bin\java.dll

dbghelp: loaded successfully - version: 4.0.5 - missing functions: none
symbol engine: initialized successfully - sym options: 0x614 - pdb path: .;C:\Users\Sarpo\.p2\pool\plugins\org.eclipse.justj.openjdk.hotspot.jre.full.win32.x86_64_15.0.1.v20201027-0507\jre\bin;C:\windows\SYSTEM32;C:\windows\WinSxS\amd64_microsoft.windows.common-controls_6595b64144ccf1df_6.0.19041.844_none_ca00b6081b84eb1d;C:\Users\Sarpo\.p2\pool\plugins\org.eclipse.justj.openjdk.hotspot.jre.full.win32.x86_64_15.0.1.v20201027-0507\jre\bin\server

VM Arguments:
jvm_args: -Dfile.encoding=Cp1252 -XX:+ShowCodeDetailsInExceptionMessages 
java_command: uc.ac.aston.game.desktop.DesktopLauncher
java_class_path (initial): C:\Users\Sarpo\Documents\GitHub\team-game\desktop\bin\main;\Los thunder-core\bin\default;C:\Users\Sarpo\Documents\GitHub\team-game\core\bin\main;C:\Users\Sarpo\.gradle\caches\modules-2\files-2.1\com.badlogicgames.gdx\gdx-tools\1.9.11\e6e716b361d4a926edd34ac1388a5bfae2581ba0\gdx-tools-1.9.11.jar;C:\Users\Sarpo\.gradle\caches\modules-2\files-2.1\com.badlogicgames.gdx\gdx-backend-lwjgl\1.9.11\3c094feb74e2aef14e30e988326612ee75387c8f\gdx-backend-lwjgl-1.9.11.jar;C:\Users\Sarpo\.gradle\caches\modules-2\files-2.1\com.badlogicgames.gdx\gdx-platform\1.9.11\2de1e7285bec0aac89b4d3e55ac33a9f22016f42\gdx-platform-1.9.11-natives-desktop.jar;C:\Users\Sarpo\.gradle\caches\modules-2\files-2.1\com.badlogicgames.gdx\gdx-box2d-platform\1.9.11\52f90a68c9f2ca6d159c5405b6d0bd68db160cb2\gdx-box2d-platform-1.9.11-natives-desktop.jar;C:\Users\Sarpo\.gradle\caches\modules-2\files-2.1\com.badlogicgames.gdx\gdx-backend-headless\1.9.11\45391a2ac187161ea5db0f9ff71e1c6c98ecb29c\gdx-backend-headless-1.9.11.jar;C:\Users\Sarpo\.gradle\caches\modules-2\files-2.1\com.badlogicgames.gdx\gdx-freetype\1.9.11\e3d124aa5c89a2cfc134ed0c5e9dee4736a90618\gdx-freetype-1.9.11.jar;C:\Users\Sarpo\.gradle\caches\modules-2\files-2.1\com.badlogicgames.ashley\ashley\1.7.3\8482bc42449d5e6d92d03ebb319c2b2d386e644a\ashley-1.7.3.jar;C:\Users\Sarpo\.gradle\caches\modules-2\files-2.1\com.badlogicgames.gdx\gdx-box2d\1.9.11\e0a73111a2bae182b2452b8b31cd7e79c9d06609\gdx-box2d-1.9.11.jar;C:\Users\Sarpo\.gradle\caches\modules-2\files-2.1\com.badlogicgames.gdx\gdx\1.9.11\69fe46897eed6f92e3f01b75cc7ca5f860881a8b\gdx-1.9.11.jar;C:\Users\Sarpo\.gradle\caches\modules-2\files-2.1\org.lwjgl.lwjgl\lwjgl_util\2.9.3\751f06b62424da056954c67288fd5c494431e350\lwjgl_util-2.9.3.jar;C:\Users\Sarpo\.gradle\caches\modules-2\files-2.1\org.lwjgl.lwjgl\lwjgl\2.9.3\3df168ac74e4a8c96562cdff24ad352e255bf89c\lwjgl-2.9.3.jar;C:\Users\Sarpo\.gradle\caches\modules-2\files-2.1\com.badlogicgames.jlayer\jlayer\1.0.1-gdx\7cca83cec5c1
Launcher Type: SUN_STANDARD

[Global flags]
     intx CICompilerCount                          = 3                                         {product} {ergonomic}
     uint ConcGCThreads                            = 2                                         {product} {ergonomic}
     uint G1ConcRefinementThreads                  = 6                                         {product} {ergonomic}
   size_t G1HeapRegionSize                         = 1048576                                   {product} {ergonomic}
    uintx GCDrainStackTargetSize                   = 64                                        {product} {ergonomic}
   size_t InitialHeapSize                          = 125829120                                 {product} {ergonomic}
   size_t MarkStackSize                            = 4194304                                   {product} {ergonomic}
   size_t MaxHeapSize                              = 1983905792                                {product} {ergonomic}
   size_t MinHeapDeltaBytes                        = 1048576                                   {product} {ergonomic}
   size_t MinHeapSize                              = 8388608                                   {product} {ergonomic}
    uintx NonNMethodCodeHeapSize                   = 5832780                                {pd product} {ergonomic}
    uintx NonProfiledCodeHeapSize                  = 122912730                              {pd product} {ergonomic}
    uintx ProfiledCodeHeapSize                     = 122912730                              {pd product} {ergonomic}
    uintx ReservedCodeCacheSize                    = 251658240                              {pd product} {ergonomic}
     bool SegmentedCodeCache                       = true                                      {product} {ergonomic}
     bool ShowCodeDetailsInExceptionMessages       = true                                   {manageable} {command line}
   size_t SoftMaxHeapSize                          = 1983905792                             {manageable} {ergonomic}
     bool UseCompressedClassPointers               = true                                 {lp64_product} {ergonomic}
     bool UseCompressedOops                        = true                                 {lp64_product} {ergonomic}
     bool UseG1GC                                  = true                                      {product} {ergonomic}
     bool UseLargePagesIndividualAllocation        = false                                  {pd product} {ergonomic}

Logging:
Log output configuration:
 #0: stdout all=warning uptime,level,tags
 #1: stderr all=off uptime,level,tags

Environment Variables:
PATH=C:/Users/Sarpo/.p2/pool/plugins/org.eclipse.justj.openjdk.hotspot.jre.full.win32.x86_64_15.0.1.v20201027-0507/jre/bin/server;C:/Users/Sarpo/.p2/pool/plugins/org.eclipse.justj.openjdk.hotspot.jre.full.win32.x86_64_15.0.1.v20201027-0507/jre/bin;C:\Program Files (x86)\Common Files\Oracle\Java\javapath;C:\Program Files\Common Files\Oracle\Java\javapath;C:\windows\system32;C:\windows;C:\windows\System32\Wbem;C:\windows\System32\WindowsPowerShell\v1.0\;C:\windows\System32\OpenSSH\;C:\Program Files\nodejs\;C:\Program Files\Git\cmd;C:\Program Files\Docker\Docker\resources\bin;C:\ProgramData\DockerDesktop\version-bin;C:\xampp\php;C:\ProgramData\ComposerSetup\bin;C:\Users\Sarpo\AppData\Local\Microsoft\WindowsApps;C:\Users\Sarpo\AppData\Local\GitHubDesktop\bin;C:\Users\Sarpo\AppData\Local\Programs\Microsoft VS Code\bin;C:\Users\Sarpo\AppData\Roaming\npm;C:\Program Files\Java\jdk-15.0.2\bin;C:\Program Files\heroku\bin;C:\Users\Sarpo\AppData\Roaming\Composer\vendor\bin;C:\Users\Sarpo\Desktop;
USERNAME=Sarpo
OS=Windows_NT
PROCESSOR_IDENTIFIER=AMD64 Family 23 Model 96 Stepping 1, AuthenticAMD



---------------  S Y S T E M  ---------------

OS:
 Windows 10 , 64 bit Build 19041 (10.0.19041.804)
OS uptime: 1 days 0:48 hours
HyperV virtualization detected

CPU: total 6 (initial active 6) (6 cores per cpu, 1 threads per core) family 23 model 96 stepping 1 microcode 0x0, cmov, cx8, fxsr, mmx, sse, sse2, sse3, ssse3, sse4.1, sse4.2, popcnt, vzeroupper, avx, avx2, aes, clmul, 3dnowpref, lzcnt, sse4a, tsc, tscinvbit, tscinv, bmi1, bmi2, adx, sha, fma, clflush, clflushopt

Memory: 4k page, system-wide physical 7564M (4091M free)
TotalPageFile size 31116M (AvailPageFile size 72M)
current process WorkingSet (physical memory assigned to process): 10M, peak: 10M
current process commit charge ("private bytes"): 56M, peak: 175M

vm_info: OpenJDK 64-Bit Server VM (15.0.1+9-18) for windows-amd64 JRE (15.0.1+9-18), built on Sep 15 2020 14:39:31 by "mach5one" with unknown MS VC++:1925

END.
